<?xml version="1.0" encoding="UTF-8"?>
<!-- Generated by org.testng.reporters.JUnitXMLReporter -->
<testsuite ignored="4" hostname="LTIN509515" failures="0" tests="6" name="CAS_News_Chrome" time="91.538" errors="0" timestamp="2024-04-02T16:51:29 IST">
  <testcase classname="com.cas.news.test.UserInformationTest" name="PrintUserDetails" time="16.25"/>
  <testcase classname="com.cas.news.test.MainPageTests" name="ValidateHeader" time="0.147"/>
  <testcase classname="com.cas.news.test.MainPageTests" name="ValidateMainPageToolTips" time="1.69"/>
  <testcase classname="com.cas.news.test.MainPageTests" name="SellAll" time="0.16"/>
  <testcase classname="com.cas.news.test.AllNewsPageTests" name="ValidateSeeAllToolTips" time="0.295"/>
  <testcase classname="com.cas.news.test.AllNewsPageTests" name="GetNewsDetails" time="28.669"/>
  <testcase classname="com.cas.base.BaseTestCase" name="@AfterTest tearDown" time="0.0">
    <ignored/>
  </testcase> <!-- @AfterTest tearDown -->
  <testcase classname="com.cas.base.BaseTestCase" name="@BeforeTest initiateDriver" time="0.0">
    <ignored/>
  </testcase> <!-- @BeforeTest initiateDriver -->
  <testcase classname="com.cas.base.BaseTestCase" name="@AfterTest tearDown" time="0.0">
    <ignored/>
  </testcase> <!-- @AfterTest tearDown -->
  <testcase classname="com.cas.base.BaseTestCase" name="@BeforeTest initiateDriver" time="0.0">
    <ignored/>
  </testcase> <!-- @BeforeTest initiateDriver -->
</testsuite> <!-- CAS_News_Chrome -->
