<?xml version="1.0" encoding="UTF-8"?>
<!-- Generated by org.testng.reporters.JUnitXMLReporter -->
<testsuite ignored="0" hostname="LTIN509515" failures="0" tests="3" name="MainPage" time="8.934" errors="0" timestamp="2024-04-02T17:10:21 IST">
  <testcase classname="com.cas.news.test.MainPageTests" name="ValidateHeader" time="0.125"/>
  <testcase classname="com.cas.news.test.MainPageTests" name="ValidateMainPageToolTips" time="2.108"/>
  <testcase classname="com.cas.news.test.MainPageTests" name="SellAll" time="0.102"/>
</testsuite> <!-- MainPage -->
