<?xml version="1.0" encoding="UTF-8"?>
<testng-results ignored="0" total="6" passed="6" failed="0" skipped="0">
  <reporter-output>
  </reporter-output>
  <suite started-at="2024-04-02T17:09:46 IST" name="CAS_NewsAroundCognizant" finished-at="2024-04-02T17:10:58 IST" duration-ms="71600">
    <groups>
    </groups>
    <test started-at="2024-04-02T17:09:46 IST" name="UserInformation" finished-at="2024-04-02T17:10:12 IST" duration-ms="25887">
      <class name="com.cas.news.test.UserInformationTest">
        <test-method is-config="true" signature="initiatePageFactory()[pri:0, instance:com.cas.news.test.UserInformationTest@21d03963]" started-at="2024-04-02T17:09:46 IST" name="initiatePageFactory" finished-at="2024-04-02T17:09:53 IST" duration-ms="7184" status="PASS">
          <reporter-output>
          </reporter-output>
        </test-method> <!-- initiatePageFactory -->
        <test-method signature="PrintUserDetails()[pri:0, instance:com.cas.news.test.UserInformationTest@21d03963]" started-at="2024-04-02T17:09:53 IST" name="PrintUserDetails" finished-at="2024-04-02T17:10:09 IST" duration-ms="15922" status="PASS">
          <reporter-output>
          </reporter-output>
        </test-method> <!-- PrintUserDetails -->
        <test-method is-config="true" signature="getResult(org.testng.ITestResult)[pri:0, instance:com.cas.news.test.UserInformationTest@21d03963]" started-at="2024-04-02T17:10:09 IST" name="getResult" finished-at="2024-04-02T17:10:12 IST" duration-ms="2748" status="PASS">
          <params>
            <param index="0">
              <value>
                <![CDATA[[TestResult name=PrintUserDetails status=SUCCESS method=UserInformationTest.PrintUserDetails()[pri:0, instance:com.cas.news.test.UserInformationTest@21d03963] output={null}]]]>
              </value>
            </param>
          </params>
          <reporter-output>
          </reporter-output>
        </test-method> <!-- getResult -->
      </class> <!-- com.cas.news.test.UserInformationTest -->
    </test> <!-- UserInformation -->
    <test started-at="2024-04-02T17:10:12 IST" name="MainPage" finished-at="2024-04-02T17:10:21 IST" duration-ms="8934">
      <class name="com.cas.news.test.MainPageTests">
        <test-method is-config="true" signature="initiatePageClass()[pri:0, instance:com.cas.news.test.MainPageTests@2415fc55]" started-at="2024-04-02T17:10:12 IST" name="initiatePageClass" finished-at="2024-04-02T17:10:12 IST" duration-ms="20" status="PASS">
          <reporter-output>
          </reporter-output>
        </test-method> <!-- initiatePageClass -->
        <test-method signature="ValidateHeader()[pri:1, instance:com.cas.news.test.MainPageTests@2415fc55]" started-at="2024-04-02T17:10:12 IST" name="ValidateHeader" finished-at="2024-04-02T17:10:12 IST" duration-ms="125" status="PASS">
          <reporter-output>
          </reporter-output>
        </test-method> <!-- ValidateHeader -->
        <test-method is-config="true" signature="getResult(org.testng.ITestResult)[pri:0, instance:com.cas.news.test.MainPageTests@2415fc55]" started-at="2024-04-02T17:10:12 IST" name="getResult" finished-at="2024-04-02T17:10:14 IST" duration-ms="2190" status="PASS">
          <params>
            <param index="0">
              <value>
                <![CDATA[[TestResult name=ValidateHeader status=SUCCESS method=MainPageTests.ValidateHeader()[pri:1, instance:com.cas.news.test.MainPageTests@2415fc55] output={null}]]]>
              </value>
            </param>
          </params>
          <reporter-output>
          </reporter-output>
        </test-method> <!-- getResult -->
        <test-method signature="ValidateMainPageToolTips()[pri:2, instance:com.cas.news.test.MainPageTests@2415fc55]" started-at="2024-04-02T17:10:14 IST" name="ValidateMainPageToolTips" finished-at="2024-04-02T17:10:16 IST" duration-ms="2108" status="PASS">
          <reporter-output>
          </reporter-output>
        </test-method> <!-- ValidateMainPageToolTips -->
        <test-method is-config="true" signature="getResult(org.testng.ITestResult)[pri:0, instance:com.cas.news.test.MainPageTests@2415fc55]" started-at="2024-04-02T17:10:16 IST" name="getResult" finished-at="2024-04-02T17:10:19 IST" duration-ms="2222" status="PASS">
          <params>
            <param index="0">
              <value>
                <![CDATA[[TestResult name=ValidateMainPageToolTips status=SUCCESS method=MainPageTests.ValidateMainPageToolTips()[pri:2, instance:com.cas.news.test.MainPageTests@2415fc55] output={null}]]]>
              </value>
            </param>
          </params>
          <reporter-output>
          </reporter-output>
        </test-method> <!-- getResult -->
        <test-method signature="SellAll()[pri:3, instance:com.cas.news.test.MainPageTests@2415fc55]" started-at="2024-04-02T17:10:19 IST" name="SellAll" finished-at="2024-04-02T17:10:19 IST" duration-ms="102" status="PASS">
          <reporter-output>
          </reporter-output>
        </test-method> <!-- SellAll -->
        <test-method is-config="true" signature="getResult(org.testng.ITestResult)[pri:0, instance:com.cas.news.test.MainPageTests@2415fc55]" started-at="2024-04-02T17:10:19 IST" name="getResult" finished-at="2024-04-02T17:10:21 IST" duration-ms="2150" status="PASS">
          <params>
            <param index="0">
              <value>
                <![CDATA[[TestResult name=SellAll status=SUCCESS method=MainPageTests.SellAll()[pri:3, instance:com.cas.news.test.MainPageTests@2415fc55] output={null}]]]>
              </value>
            </param>
          </params>
          <reporter-output>
          </reporter-output>
        </test-method> <!-- getResult -->
      </class> <!-- com.cas.news.test.MainPageTests -->
    </test> <!-- MainPage -->
    <test started-at="2024-04-02T17:10:21 IST" name="AllNewsPage" finished-at="2024-04-02T17:10:58 IST" duration-ms="36719">
      <class name="com.cas.news.test.AllNewsPageTests">
        <test-method is-config="true" signature="initiateDriver(java.lang.String,java.lang.String)[pri:0, instance:com.cas.news.test.AllNewsPageTests@31edaa7d]" started-at="2024-04-02T17:09:36 IST" name="initiateDriver" finished-at="2024-04-02T17:09:46 IST" duration-ms="9784" status="PASS">
          <params>
            <param index="0">
              <value>
                <![CDATA[https://be.cognizant.com]]>
              </value>
            </param>
            <param index="1">
              <value>
                <![CDATA[Chrome]]>
              </value>
            </param>
          </params>
          <reporter-output>
          </reporter-output>
        </test-method> <!-- initiateDriver -->
        <test-method is-config="true" signature="initiatePageClass()[pri:0, instance:com.cas.news.test.AllNewsPageTests@31edaa7d]" started-at="2024-04-02T17:10:21 IST" name="initiatePageClass" finished-at="2024-04-02T17:10:21 IST" duration-ms="9" status="PASS">
          <reporter-output>
          </reporter-output>
        </test-method> <!-- initiatePageClass -->
        <test-method signature="ValidateSeeAllToolTips()[pri:4, instance:com.cas.news.test.AllNewsPageTests@31edaa7d]" started-at="2024-04-02T17:10:21 IST" name="ValidateSeeAllToolTips" finished-at="2024-04-02T17:10:21 IST" duration-ms="426" status="PASS">
          <reporter-output>
          </reporter-output>
        </test-method> <!-- ValidateSeeAllToolTips -->
        <test-method is-config="true" signature="getResult(org.testng.ITestResult)[pri:0, instance:com.cas.news.test.AllNewsPageTests@31edaa7d]" started-at="2024-04-02T17:10:21 IST" name="getResult" finished-at="2024-04-02T17:10:23 IST" duration-ms="2172" status="PASS">
          <params>
            <param index="0">
              <value>
                <![CDATA[[TestResult name=ValidateSeeAllToolTips status=SUCCESS method=AllNewsPageTests.ValidateSeeAllToolTips()[pri:4, instance:com.cas.news.test.AllNewsPageTests@31edaa7d] output={null}]]]>
              </value>
            </param>
          </params>
          <reporter-output>
          </reporter-output>
        </test-method> <!-- getResult -->
        <test-method signature="GetNewsDetails()[pri:5, instance:com.cas.news.test.AllNewsPageTests@31edaa7d]" started-at="2024-04-02T17:10:23 IST" name="GetNewsDetails" finished-at="2024-04-02T17:10:55 IST" duration-ms="31845" status="PASS">
          <reporter-output>
          </reporter-output>
        </test-method> <!-- GetNewsDetails -->
        <test-method is-config="true" signature="getResult(org.testng.ITestResult)[pri:0, instance:com.cas.news.test.AllNewsPageTests@31edaa7d]" started-at="2024-04-02T17:10:55 IST" name="getResult" finished-at="2024-04-02T17:10:58 IST" duration-ms="2259" status="PASS">
          <params>
            <param index="0">
              <value>
                <![CDATA[[TestResult name=GetNewsDetails status=SUCCESS method=AllNewsPageTests.GetNewsDetails()[pri:5, instance:com.cas.news.test.AllNewsPageTests@31edaa7d] output={null}]]]>
              </value>
            </param>
          </params>
          <reporter-output>
          </reporter-output>
        </test-method> <!-- getResult -->
        <test-method is-config="true" signature="tearDown()[pri:0, instance:com.cas.news.test.AllNewsPageTests@31edaa7d]" started-at="2024-04-02T17:10:58 IST" name="tearDown" finished-at="2024-04-02T17:11:04 IST" duration-ms="6053" status="PASS">
          <reporter-output>
          </reporter-output>
        </test-method> <!-- tearDown -->
      </class> <!-- com.cas.news.test.AllNewsPageTests -->
    </test> <!-- AllNewsPage -->
  </suite> <!-- CAS_NewsAroundCognizant -->
</testng-results>
